<?xml version="1.0" encoding="UTF-8"?>
<!-- Generated by org.testng.reporters.JUnitXMLReporter -->
<testsuite ignored="1" hostname="DESKTOP-O3NBQ0L" failures="0" tests="2" name="Default test" time="13.196" errors="0" timestamp="2026-01-28T09:40:26 IST">
  <testcase classname="tests.LoginTest" name="testGoogle" time="2.773"/>
  <testcase classname="tests.LoginTest" name="testValidLogin" time="0.503"/>
  <testcase classname="tests.LoginTest" name="testLogin" time="0.0">
    <ignored/>
  </testcase> <!-- testLogin -->
</testsuite> <!-- Default test -->
