<?xml version="1.0" encoding="UTF-8"?>
<!-- Generated by org.testng.reporters.JUnitXMLReporter -->
<testsuite ignored="1" hostname="DESKTOP-O3NBQ0L" failures="0" tests="2" name="Default test" time="8.986" errors="0" timestamp="2026-01-17T23:54:34 IST">
  <testcase classname="tests.LoginTest" name="testGoogle" time="0.334"/>
  <testcase classname="tests.LoginTest" name="testValidLogin" time="0.316"/>
  <testcase classname="tests.LoginTest" name="testLogin" time="0.0">
    <ignored/>
  </testcase> <!-- testLogin -->
</testsuite> <!-- Default test -->
