<?xml version="1.0" encoding="UTF-8"?>
<testng-results ignored="0" total="2" passed="2" failed="0" skipped="0">
  <reporter-output>
  </reporter-output>
  <suite started-at="2026-01-31T20:37:09 IST" name="tests.LoginTest" finished-at="2026-01-31T20:37:21 IST" duration-ms="11819">
    <groups>
    </groups>
    <test started-at="2026-01-31T20:37:09 IST" name="Command line test" finished-at="2026-01-31T20:37:21 IST" duration-ms="11819">
      <class name="tests.LoginTest">
        <test-method is-config="true" signature="setupReport()[pri:0, instance:tests.LoginTest@23348b5d]" started-at="2026-01-31T20:37:09 IST" name="setupReport" finished-at="2026-01-31T20:37:09 IST" duration-ms="464" status="PASS">
          <reporter-output>
          </reporter-output>
        </test-method> <!-- setupReport -->
        <test-method is-config="true" signature="setUp(org.testng.ITestResult)[pri:0, instance:tests.LoginTest@23348b5d]" started-at="2026-01-31T20:37:09 IST" name="setUp" finished-at="2026-01-31T20:37:15 IST" duration-ms="6111" status="PASS">
          <params>
            <param index="0">
              <value>
                <![CDATA[[TestResult name={null} status=CREATED method=LoginTest.testGoogle()[pri:0, instance:tests.LoginTest@23348b5d] output={null}]]]>
              </value>
            </param>
          </params>
          <reporter-output>
          </reporter-output>
        </test-method> <!-- setUp -->
        <test-method signature="testGoogle()[pri:0, instance:tests.LoginTest@23348b5d]" started-at="2026-01-31T20:37:15 IST" name="testGoogle" finished-at="2026-01-31T20:37:16 IST" duration-ms="417" status="PASS">
          <reporter-output>
          </reporter-output>
        </test-method> <!-- testGoogle -->
        <test-method is-config="true" signature="tearDown(org.testng.ITestResult)[pri:0, instance:tests.LoginTest@23348b5d]" started-at="2026-01-31T20:37:16 IST" name="tearDown" finished-at="2026-01-31T20:37:16 IST" duration-ms="806" status="PASS">
          <params>
            <param index="0">
              <value>
                <![CDATA[[TestResult name=testGoogle status=SUCCESS method=LoginTest.testGoogle()[pri:0, instance:tests.LoginTest@23348b5d] output={null}]]]>
              </value>
            </param>
          </params>
          <reporter-output>
          </reporter-output>
        </test-method> <!-- tearDown -->
        <test-method is-config="true" signature="setUp(org.testng.ITestResult)[pri:0, instance:tests.LoginTest@23348b5d]" started-at="2026-01-31T20:37:16 IST" name="setUp" finished-at="2026-01-31T20:37:20 IST" duration-ms="3228" status="PASS">
          <params>
            <param index="0">
              <value>
                <![CDATA[[TestResult name={null} status=CREATED method=LoginTest.testValidLogin()[pri:0, instance:tests.LoginTest@23348b5d] output={null}]]]>
              </value>
            </param>
          </params>
          <reporter-output>
          </reporter-output>
        </test-method> <!-- setUp -->
        <test-method signature="testValidLogin()[pri:0, instance:tests.LoginTest@23348b5d]" started-at="2026-01-31T20:37:20 IST" name="testValidLogin" finished-at="2026-01-31T20:37:20 IST" duration-ms="366" status="PASS">
          <reporter-output>
          </reporter-output>
        </test-method> <!-- testValidLogin -->
        <test-method is-config="true" signature="tearDown(org.testng.ITestResult)[pri:0, instance:tests.LoginTest@23348b5d]" started-at="2026-01-31T20:37:20 IST" name="tearDown" finished-at="2026-01-31T20:37:21 IST" duration-ms="833" status="PASS">
          <params>
            <param index="0">
              <value>
                <![CDATA[[TestResult name=testValidLogin status=SUCCESS method=LoginTest.testValidLogin()[pri:0, instance:tests.LoginTest@23348b5d] output={null}]]]>
              </value>
            </param>
          </params>
          <reporter-output>
          </reporter-output>
        </test-method> <!-- tearDown -->
        <test-method is-config="true" signature="teardownReport()[pri:0, instance:tests.LoginTest@23348b5d]" started-at="2026-01-31T20:37:21 IST" name="teardownReport" finished-at="2026-01-31T20:37:21 IST" duration-ms="414" status="PASS">
          <reporter-output>
          </reporter-output>
        </test-method> <!-- teardownReport -->
      </class> <!-- tests.LoginTest -->
    </test> <!-- Command line test -->
  </suite> <!-- tests.LoginTest -->
</testng-results>
