<?xml version="1.0" encoding="UTF-8"?>
<testng-results ignored="0" total="1" passed="1" failed="0" skipped="0">
  <reporter-output>
  </reporter-output>
  <suite started-at="2026-01-11T14:45:45 IST" name="tests.LoginTest" finished-at="2026-01-11T14:45:52 IST" duration-ms="7525">
    <groups>
    </groups>
    <test started-at="2026-01-11T14:45:45 IST" name="Command line test" finished-at="2026-01-11T14:45:52 IST" duration-ms="7525">
      <class name="tests.LoginTest">
        <test-method is-config="true" signature="setUp()[pri:0, instance:tests.LoginTest@6c6cb480]" started-at="2026-01-11T14:45:45 IST" name="setUp" finished-at="2026-01-11T14:45:52 IST" duration-ms="6752" status="PASS">
          <reporter-output>
          </reporter-output>
        </test-method> <!-- setUp -->
        <test-method signature="testValidLogin()[pri:0, instance:tests.LoginTest@6c6cb480]" started-at="2026-01-11T14:45:52 IST" name="testValidLogin" finished-at="2026-01-11T14:45:52 IST" duration-ms="308" status="PASS">
          <reporter-output>
          </reporter-output>
        </test-method> <!-- testValidLogin -->
        <test-method is-config="true" signature="tearDown()[pri:0, instance:tests.LoginTest@6c6cb480]" started-at="2026-01-11T14:45:52 IST" name="tearDown" finished-at="2026-01-11T14:45:52 IST" duration-ms="408" status="PASS">
          <reporter-output>
          </reporter-output>
        </test-method> <!-- tearDown -->
      </class> <!-- tests.LoginTest -->
    </test> <!-- Command line test -->
  </suite> <!-- tests.LoginTest -->
</testng-results>
