<?xml version="1.0" encoding="UTF-8"?>
<testng-results ignored="0" total="2" passed="2" failed="0" skipped="0">
  <reporter-output>
  </reporter-output>
  <suite started-at="2026-01-17T23:54:25 IST" name="Default suite" finished-at="2026-01-17T23:54:34 IST" duration-ms="8986">
    <groups>
    </groups>
    <test started-at="2026-01-17T23:54:25 IST" name="Default test" finished-at="2026-01-17T23:54:34 IST" duration-ms="8986">
      <class name="tests.LoginTest">
        <test-method is-config="true" signature="setupReport()[pri:0, instance:tests.LoginTest@63376bed]" started-at="2026-01-17T23:54:24 IST" name="setupReport" finished-at="2026-01-17T23:54:25 IST" duration-ms="357" status="PASS">
          <reporter-output>
          </reporter-output>
        </test-method> <!-- setupReport -->
        <test-method is-config="true" signature="setUp(org.testng.ITestResult)[pri:0, instance:tests.LoginTest@63376bed]" started-at="2026-01-17T23:54:25 IST" name="setUp" finished-at="2026-01-17T23:54:28 IST" duration-ms="3692" status="PASS">
          <params>
            <param index="0">
              <value>
                <![CDATA[[TestResult name={null} status=CREATED method=LoginTest.testGoogle()[pri:0, instance:tests.LoginTest@63376bed] output={null}]]]>
              </value>
            </param>
          </params>
          <reporter-output>
          </reporter-output>
        </test-method> <!-- setUp -->
        <test-method signature="testGoogle()[pri:0, instance:tests.LoginTest@63376bed]" started-at="2026-01-17T23:54:28 IST" name="testGoogle" finished-at="2026-01-17T23:54:29 IST" duration-ms="334" status="PASS">
          <reporter-output>
          </reporter-output>
        </test-method> <!-- testGoogle -->
        <test-method is-config="true" signature="tearDown(org.testng.ITestResult)[pri:0, instance:tests.LoginTest@63376bed]" started-at="2026-01-17T23:54:29 IST" name="tearDown" finished-at="2026-01-17T23:54:29 IST" duration-ms="825" status="PASS">
          <params>
            <param index="0">
              <value>
                <![CDATA[[TestResult name=testGoogle status=SUCCESS method=LoginTest.testGoogle()[pri:0, instance:tests.LoginTest@63376bed] output={null}]]]>
              </value>
            </param>
          </params>
          <reporter-output>
          </reporter-output>
        </test-method> <!-- tearDown -->
        <test-method is-config="true" signature="setUp(org.testng.ITestResult)[pri:0, instance:tests.LoginTest@63376bed]" started-at="2026-01-17T23:54:29 IST" name="setUp" finished-at="2026-01-17T23:54:32 IST" duration-ms="3050" status="PASS">
          <params>
            <param index="0">
              <value>
                <![CDATA[[TestResult name={null} status=CREATED method=LoginTest.testValidLogin()[pri:0, instance:tests.LoginTest@63376bed] output={null}]]]>
              </value>
            </param>
          </params>
          <reporter-output>
          </reporter-output>
        </test-method> <!-- setUp -->
        <test-method signature="testValidLogin()[pri:0, instance:tests.LoginTest@63376bed]" started-at="2026-01-17T23:54:32 IST" name="testValidLogin" finished-at="2026-01-17T23:54:33 IST" duration-ms="316" status="PASS">
          <reporter-output>
          </reporter-output>
        </test-method> <!-- testValidLogin -->
        <test-method is-config="true" signature="tearDown(org.testng.ITestResult)[pri:0, instance:tests.LoginTest@63376bed]" started-at="2026-01-17T23:54:33 IST" name="tearDown" finished-at="2026-01-17T23:54:33 IST" duration-ms="695" status="PASS">
          <params>
            <param index="0">
              <value>
                <![CDATA[[TestResult name=testValidLogin status=SUCCESS method=LoginTest.testValidLogin()[pri:0, instance:tests.LoginTest@63376bed] output={null}]]]>
              </value>
            </param>
          </params>
          <reporter-output>
          </reporter-output>
        </test-method> <!-- tearDown -->
        <test-method is-config="true" signature="teardownReport()[pri:0, instance:tests.LoginTest@63376bed]" started-at="2026-01-17T23:54:34 IST" name="teardownReport" finished-at="2026-01-17T23:54:34 IST" duration-ms="337" status="PASS">
          <reporter-output>
          </reporter-output>
        </test-method> <!-- teardownReport -->
      </class> <!-- tests.LoginTest -->
    </test> <!-- Default test -->
  </suite> <!-- Default suite -->
</testng-results>
