<?xml version="1.0" encoding="UTF-8"?>
<!-- Generated by org.testng.reporters.JUnitReportReporter -->
<testsuite hostname="DESKTOP-O3NBQ0L" failures="0" tests="3" name="tests.LoginTest" time="11.761" errors="0" timestamp="2026-01-31T20:37:21 IST" skipped="1">
  <testcase classname="tests.LoginTest" name="testGoogle" time="7.334"/>
  <testcase classname="tests.LoginTest" name="testValidLogin" time="4.427"/>
  <testcase classname="tests.LoginTest" name="testLogin">
    <skipped/>
  </testcase> <!-- testLogin -->
</testsuite> <!-- tests.LoginTest -->
