<?xml version="1.0" encoding="UTF-8"?>
<!-- Generated by org.testng.reporters.JUnitXMLReporter -->
<testsuite ignored="1" hostname="DESKTOP-O3NBQ0L" failures="0" tests="2" name="Command line test" time="11.819" errors="0" timestamp="2026-01-31T20:37:21 IST">
  <testcase classname="tests.LoginTest" name="testGoogle" time="0.417"/>
  <testcase classname="tests.LoginTest" name="testValidLogin" time="0.366"/>
  <testcase classname="tests.LoginTest" name="testLogin" time="0.0">
    <ignored/>
  </testcase> <!-- testLogin -->
</testsuite> <!-- Command line test -->
